SF:lib/counter/data/counter_data_source.dart
DA:2,4
DA:4,1
DA:5,1
DA:7,2
DA:11,1
DA:12,1
DA:14,1
DA:16,2
DA:20,1
DA:21,1
DA:23,1
LF:11
LH:11
end_of_record
SF:lib/counter/repositories/counter_repository.dart
DA:4,1
DA:13,2
DA:15,1
DA:16,4
DA:19,1
DA:20,4
DA:23,1
DA:24,3
LF:8
LH:8
end_of_record
SF:lib/counter/counter_page.dart
DA:6,1
DA:13,1
DA:14,1
DA:21,1
DA:23,1
DA:24,3
DA:27,1
DA:29,1
DA:30,1
DA:34,1
DA:35,1
DA:37,1
DA:38,3
DA:47,1
DA:49,1
DA:50,1
DA:51,1
DA:52,3
DA:53,2
DA:54,3
DA:61,1
DA:62,1
DA:63,3
DA:64,2
DA:65,3
DA:71,1
DA:72,1
DA:73,3
DA:74,2
DA:75,3
LF:30
LH:30
end_of_record
SF:lib/counter/widgets/counter_button.dart
DA:4,2
DA:17,2
DA:19,2
DA:20,2
DA:21,2
DA:22,2
DA:23,4
LF:7
LH:7
end_of_record
